\BOOKMARK [1][-]{section.1}{Introduction}{}% 1
\BOOKMARK [1][-]{section.2}{Results}{}% 2
\BOOKMARK [2][-]{subsection.2.1}{Fishing effort markets and marine conservation}{section.2}% 3
\BOOKMARK [2][-]{subsection.2.2}{Phoenix Islands Protected Area}{section.2}% 4
\BOOKMARK [2][-]{subsection.2.3}{Palau National Marine Sanctuary}{section.2}% 5
\BOOKMARK [1][-]{section.3}{Discussion}{}% 6
\BOOKMARK [1][-]{section.4}{Figures and tables}{}% 7
\BOOKMARK [1][-]{section.5}{Methods}{}% 8
\BOOKMARK [2][-]{subsection.5.1}{Model for marine conservation with effort markets}{section.5}% 9
\BOOKMARK [3][-]{subsubsection.5.1.1}{Fishery dynamics}{subsection.5.1}% 10
\BOOKMARK [3][-]{subsubsection.5.1.2}{Stock dynamics}{subsection.5.1}% 11
\BOOKMARK [3][-]{subsubsection.5.1.3}{Vessel-day revenues}{subsection.5.1}% 12
\BOOKMARK [3][-]{subsubsection.5.1.4}{Simulations and parametrization}{subsection.5.1}% 13
\BOOKMARK [2][-]{subsection.5.2}{Allocation rules}{section.5}% 14
\BOOKMARK [2][-]{subsection.5.3}{Data}{section.5}% 15
\BOOKMARK [2][-]{subsection.5.4}{Analysis}{section.5}% 16
\BOOKMARK [3][-]{subsubsection.5.4.1}{Crowding effect}{subsection.5.4}% 17
\BOOKMARK [3][-]{subsubsection.5.4.2}{Behavioral changes}{subsection.5.4}% 18
\BOOKMARK [3][-]{subsubsection.5.4.3}{Revenues and catches}{subsection.5.4}% 19
\BOOKMARK [1][-]{section.6}{Supplementary tables and figures}{}% 20
