\BOOKMARK [1][-]{section.1}{Introduction}{}% 1
\BOOKMARK [1][-]{section.2}{Background}{}% 2
\BOOKMARK [2][-]{subsection.2.1}{Large-Scale Marine Protected Areas}{section.2}% 3
\BOOKMARK [2][-]{subsection.2.2}{Nauru agreement and the Phoenix Islands Protected Area}{section.2}% 4
\BOOKMARK [1][-]{section.3}{Methods}{}% 5
\BOOKMARK [2][-]{subsection.3.1}{Data}{section.3}% 6
\BOOKMARK [2][-]{subsection.3.2}{Analyses}{section.3}% 7
\BOOKMARK [1][-]{section.4}{Results}{}% 8
\BOOKMARK [1][-]{section.5}{Palau National Marine Sanctuary}{}% 9
\BOOKMARK [2][-]{subsection.5.1}{Background on Commercial Fishing in Palau}{section.5}% 10
\BOOKMARK [3][-]{subsubsection.5.1.1}{Access fees and taxes}{subsection.5.1}% 11
\BOOKMARK [3][-]{subsubsection.5.1.2}{Parties to the Nauru Agreement and the Vessel Day Scheme}{subsection.5.1}% 12
\BOOKMARK [3][-]{subsubsection.5.1.3}{Potential Revenue Loss under the PNMS}{subsection.5.1}% 13
\BOOKMARK [3][-]{subsubsection.5.1.4}{Plans for a domestic pelagic fishery}{subsection.5.1}% 14
\BOOKMARK [1][-]{section.6}{Discussion}{}% 15
\BOOKMARK [1][-]{section.7}{Conclusion}{}% 16
\BOOKMARK [1][-]{section.8}{References}{}% 17
\BOOKMARK [1][-]{section.9}{Appendix}{}% 18
\BOOKMARK [2][-]{subsection.9.1}{Effort redistribution}{section.9}% 19
\BOOKMARK [3][-]{subsubsection.9.1.1}{Rasterized regions}{subsection.9.1}% 20
