\BOOKMARK [1][-]{section.1}{Introduction}{}% 1
\BOOKMARK [1][-]{section.2}{Results}{}% 2
\BOOKMARK [2][-]{subsection.2.1}{Crowding effect}{section.2}% 3
\BOOKMARK [2][-]{subsection.2.2}{Behavioral changes}{section.2}% 4
\BOOKMARK [2][-]{subsection.2.3}{Economic impacts}{section.2}% 5
\BOOKMARK [2][-]{subsection.2.4}{Potential Revenue Loss for Palau}{section.2}% 6
\BOOKMARK [1][-]{section.3}{Discussion}{}% 7
\BOOKMARK [1][-]{section.4}{Methods}{}% 8
\BOOKMARK [2][-]{subsection.4.1}{Data}{section.4}% 9
\BOOKMARK [2][-]{subsection.4.2}{Analyses}{section.4}% 10
\BOOKMARK [3][-]{subsubsection.4.2.1}{Crowding effect}{subsection.4.2}% 11
\BOOKMARK [3][-]{subsubsection.4.2.2}{Behavioral changes}{subsection.4.2}% 12
\BOOKMARK [3][-]{subsubsection.4.2.3}{Revenues}{subsection.4.2}% 13
\BOOKMARK [1][-]{section.5}{References}{}% 14
\BOOKMARK [1][-]{section.6}{Appendix}{}% 15
\BOOKMARK [1][-]{section.7}{Supplementary tables and figures}{}% 16
\BOOKMARK [1][-]{section.8}{Palau National Marine Sanctuary}{}% 17
\BOOKMARK [1][-]{section.9}{Alternative Controls}{}% 18
\BOOKMARK [2][-]{subsection.9.1}{Excluding all Chinese vessels}{section.9}% 19
\BOOKMARK [2][-]{subsection.9.2}{Excluding all PNA vessels}{section.9}% 20
\BOOKMARK [2][-]{subsection.9.3}{Excluding all USA and TWN vessels}{section.9}% 21
\BOOKMARK [1][-]{section.10}{Additional methods}{}% 22
\BOOKMARK [2][-]{subsection.10.1}{Data}{section.10}% 23
